# JRE version: Java(TM) SE Runtime Environment (8.0_05-b13) (build 1.8.0_05-b13)
# Java VM: Java HotSpot(TM) 64-Bit Server VM (25.5-b02 mixed mode windows-amd64 compressed oops)
Heap:
 PSYoungGen      total 22528K, used 5830K [0x000000078ab00000, 0x000000078c380000, 0x00000007c0000000)
  eden space 19968K, 22% used [0x000000078ab00000,0x000000078af594e0,0x000000078be80000)
  from space 2560K, 53% used [0x000000078c100000,0x000000078c2585e0,0x000000078c380000)
  to   space 2560K, 0% used [0x000000078be80000,0x000000078be80000,0x000000078c100000)
 ParOldGen       total 162304K, used 5298K [0x0000000720000000, 0x0000000729e80000, 0x000000078ab00000)
  object space 162304K, 3% used [0x0000000720000000,0x000000072052cab8,0x0000000729e80000)
 Metaspace       used 12442K, capacity 12648K, committed 12928K, reserved 1060864K
  class space    used 1482K, capacity 1552K, committed 1664K, reserved 1048576K
GC Heap History (10 events):
Event: 0.593 GC heap before
{Heap before GC invocations=8 (full 0):
 PSYoungGen      total 5120K, used 4986K [0x000000078ab00000, 0x000000078b500000, 0x00000007c0000000)
  eden space 4096K, 100% used [0x000000078ab00000,0x000000078af00000,0x000000078af00000)
  from space 1024K, 86% used [0x000000078af00000,0x000000078afde900,0x000000078b000000)
  to   space 1024K, 0% used [0x000000078b400000,0x000000078b400000,0x000000078b500000)
 ParOldGen       total 162304K, used 1143K [0x0000000720000000, 0x0000000729e80000, 0x000000078ab00000)
  object space 162304K, 0% used [0x0000000720000000,0x000000072011dd68,0x0000000729e80000)
 Metaspace       used 6383K, capacity 6426K, committed 6656K, reserved 1056768K
  class space    used 738K, capacity 754K, committed 768K, reserved 1048576K
Event: 0.595 GC heap after
Heap after GC invocations=8 (full 0):
 PSYoungGen      total 8704K, used 889K [0x000000078ab00000, 0x000000078b600000, 0x00000007c0000000)
  eden space 7680K, 0% used [0x000000078ab00000,0x000000078ab00000,0x000000078b280000)
  from space 1024K, 86% used [0x000000078b400000,0x000000078b4de650,0x000000078b500000)
  to   space 1536K, 0% used [0x000000078b280000,0x000000078b280000,0x000000078b400000)
 ParOldGen       total 162304K, used 1424K [0x0000000720000000, 0x0000000729e80000, 0x000000078ab00000)
  object space 162304K, 0% used [0x0000000720000000,0x0000000720164340,0x0000000729e80000)
 Metaspace       used 6383K, capacity 6426K, committed 6656K, reserved 1056768K
  class space    used 738K, capacity 754K, committed 768K, reserved 1048576K
}
Event: 0.772 GC heap before
{Heap before GC invocations=9 (full 0):
 PSYoungGen      total 8704K, used 8569K [0x000000078ab00000, 0x000000078b600000, 0x00000007c0000000)
  eden space 7680K, 100% used [0x000000078ab00000,0x000000078b280000,0x000000078b280000)
  from space 1024K, 86% used [0x000000078b400000,0x000000078b4de650,0x000000078b500000)
  to   space 1536K, 0% used [0x000000078b280000,0x000000078b280000,0x000000078b400000)
 ParOldGen       total 162304K, used 1424K [0x0000000720000000, 0x0000000729e80000, 0x000000078ab00000)
  object space 162304K, 0% used [0x0000000720000000,0x0000000720164340,0x0000000729e80000)
 Metaspace       used 7374K, capacity 7516K, committed 7552K, reserved 1056768K
  class space    used 839K, capacity 884K, committed 896K, reserved 1048576K
Event: 0.773 GC heap after
Heap after GC invocations=9 (full 0):
 PSYoungGen      total 9216K, used 1112K [0x000000078ab00000, 0x000000078ba00000, 0x00000007c0000000)
  eden space 7680K, 0% used [0x000000078ab00000,0x000000078ab00000,0x000000078b280000)
  from space 1536K, 72% used [0x000000078b280000,0x000000078b3960a0,0x000000078b400000)
  to   space 1536K, 0% used [0x000000078b880000,0x000000078b880000,0x000000078ba00000)
 ParOldGen       total 162304K, used 1622K [0x0000000720000000, 0x0000000729e80000, 0x000000078ab00000)
  object space 162304K, 0% used [0x0000000720000000,0x0000000720195b68,0x0000000729e80000)
 Metaspace       used 7374K, capacity 7516K, committed 7552K, reserved 1056768K
  class space    used 839K, capacity 884K, committed 896K, reserved 1048576K
}
Event: 0.874 GC heap before
{Heap before GC invocations=10 (full 0):
 PSYoungGen      total 9216K, used 8792K [0x000000078ab00000, 0x000000078ba00000, 0x00000007c0000000)
  eden space 7680K, 100% used [0x000000078ab00000,0x000000078b280000,0x000000078b280000)
  from space 1536K, 72% used [0x000000078b280000,0x000000078b3960a0,0x000000078b400000)
  to   space 1536K, 0% used [0x000000078b880000,0x000000078b880000,0x000000078ba00000)
 ParOldGen       total 162304K, used 1622K [0x0000000720000000, 0x0000000729e80000, 0x000000078ab00000)
  object space 162304K, 0% used [0x0000000720000000,0x0000000720195b68,0x0000000729e80000)
 Metaspace       used 8388K, capacity 8444K, committed 8704K, reserved 1056768K
  class space    used 948K, capacity 980K, committed 1024K, reserved 1048576K
Event: 0.876 GC heap after
Heap after GC invocations=10 (full 0):
 PSYoungGen      total 13824K, used 1072K [0x000000078ab00000, 0x000000078ba00000, 0x00000007c0000000)
  eden space 12288K, 0% used [0x000000078ab00000,0x000000078ab00000,0x000000078b700000)
  from space 1536K, 69% used [0x000000078b880000,0x000000078b98c280,0x000000078ba00000)
  to   space 1536K, 0% used [0x000000078b700000,0x000000078b700000,0x000000078b880000)
 ParOldGen       total 162304K, used 1978K [0x0000000720000000, 0x0000000729e80000, 0x000000078ab00000)
  object space 162304K, 1% used [0x0000000720000000,0x00000007201ee8d0,0x0000000729e80000)
 Metaspace       used 8388K, capacity 8444K, committed 8704K, reserved 1056768K
  class space    used 948K, capacity 980K, committed 1024K, reserved 1048576K
}
Event: 1.085 GC heap before
{Heap before GC invocations=11 (full 0):
 PSYoungGen      total 13824K, used 13360K [0x000000078ab00000, 0x000000078ba00000, 0x00000007c0000000)
  eden space 12288K, 100% used [0x000000078ab00000,0x000000078b700000,0x000000078b700000)
  from space 1536K, 69% used [0x000000078b880000,0x000000078b98c280,0x000000078ba00000)
  to   space 1536K, 0% used [0x000000078b700000,0x000000078b700000,0x000000078b880000)
 ParOldGen       total 162304K, used 1978K [0x0000000720000000, 0x0000000729e80000, 0x000000078ab00000)
  object space 162304K, 1% used [0x0000000720000000,0x00000007201ee8d0,0x0000000729e80000)
 Metaspace       used 9832K, capacity 9916K, committed 10240K, reserved 1058816K
  class space    used 1155K, capacity 1172K, committed 1280K, reserved 1048576K
Event: 1.089 GC heap after
Heap after GC invocations=11 (full 0):
 PSYoungGen      total 13824K, used 1527K [0x000000078ab00000, 0x000000078c380000, 0x00000007c0000000)
  eden space 12288K, 0% used [0x000000078ab00000,0x000000078ab00000,0x000000078b700000)
  from space 1536K, 99% used [0x000000078b700000,0x000000078b87dc80,0x000000078b880000)
  to   space 2560K, 0% used [0x000000078c100000,0x000000078c100000,0x000000078c380000)
 ParOldGen       total 162304K, used 3763K [0x0000000720000000, 0x0000000729e80000, 0x000000078ab00000)
  object space 162304K, 2% used [0x0000000720000000,0x00000007203acfc8,0x0000000729e80000)
 Metaspace       used 9832K, capacity 9916K, committed 10240K, reserved 1058816K
  class space    used 1155K, capacity 1172K, committed 1280K, reserved 1048576K
}
Event: 1.354 GC heap before
{Heap before GC invocations=12 (full 0):
 PSYoungGen      total 13824K, used 13815K [0x000000078ab00000, 0x000000078c380000, 0x00000007c0000000)
  eden space 12288K, 100% used [0x000000078ab00000,0x000000078b700000,0x000000078b700000)
  from space 1536K, 99% used [0x000000078b700000,0x000000078b87dc80,0x000000078b880000)
  to   space 2560K, 0% used [0x000000078c100000,0x000000078c100000,0x000000078c380000)
 ParOldGen       total 162304K, used 3763K [0x0000000720000000, 0x0000000729e80000, 0x000000078ab00000)
  object space 162304K, 2% used [0x0000000720000000,0x00000007203acfc8,0x0000000729e80000)
 Metaspace       used 11204K, capacity 11302K, committed 11392K, reserved 1058816K
  class space    used 1334K, capacity 1371K, committed 1408K, reserved 1048576K
Event: 1.357 GC heap after
Heap after GC invocations=12 (full 0):
 PSYoungGen      total 22528K, used 1377K [0x000000078ab00000, 0x000000078c380000, 0x00000007c0000000)
  eden space 19968K, 0% used [0x000000078ab00000,0x000000078ab00000,0x000000078be80000)
  from space 2560K, 53% used [0x000000078c100000,0x000000078c2585e0,0x000000078c380000)
  to   space 2560K, 0% used [0x000000078be80000,0x000000078be80000,0x000000078c100000)
 ParOldGen       total 162304K, used 5298K [0x0000000720000000, 0x0000000729e80000, 0x000000078ab00000)
  object space 162304K, 3% used [0x0000000720000000,0x000000072052cab8,0x0000000729e80000)
 Metaspace       used 11204K, capacity 11302K, committed 11392K, reserved 1058816K
  class space    used 1334K, capacity 1371K, committed 1408K, reserved 1048576K
}

